{"__type":"$$EventMessageAudit","id":"7d927dfd-6fff-46fc-84c6-0e7c5e4926ae","ts":"2025-09-22T13:13:45.804+00:00","eventName":"n8n.audit.workflow.created","message":"n8n.audit.workflow.created","payload":{"userId":"89d5cbf2-d4f4-4d33-806c-2d5e8caafc06","_email":"onflytestebruno@gmail.com","_firstName":"Bruno Teste","_lastName":"Onfly","globalRole":"global:owner","workflowId":"4onN4QCMSitXFhHP","workflowName":"My workflow"}}
{"__type":"$$EventMessageConfirm","confirm":"7d927dfd-6fff-46fc-84c6-0e7c5e4926ae","ts":"2025-09-22T13:13:45.805+00:00","source":{"id":"0","name":"eventBus"}}
{"__type":"$$EventMessageWorkflow","id":"48968678-a240-4e0e-9ea0-01169ee77670","ts":"2025-09-22T13:13:45.970+00:00","eventName":"n8n.workflow.started","message":"n8n.workflow.started","payload":{"executionId":"1","workflowId":"4onN4QCMSitXFhHP","isManual":false,"workflowName":"My workflow"}}
{"__type":"$$EventMessageConfirm","confirm":"48968678-a240-4e0e-9ea0-01169ee77670","ts":"2025-09-22T13:13:45.970+00:00","source":{"id":"0","name":"eventBus"}}
{"__type":"$$EventMessageNode","id":"66bc2f4d-c061-436a-a338-74b99d37dca2","ts":"2025-09-22T13:13:45.974+00:00","eventName":"n8n.node.started","message":"n8n.node.started","payload":{"workflowId":"4onN4QCMSitXFhHP","workflowName":"My workflow","executionId":"1","nodeType":"n8n-nodes-base.manualTrigger","nodeName":"When clicking ‘Execute workflow’","nodeId":"15e08ba1-093e-44e8-8116-f8f9d189348c"}}
{"__type":"$$EventMessageConfirm","confirm":"66bc2f4d-c061-436a-a338-74b99d37dca2","ts":"2025-09-22T13:13:45.974+00:00","source":{"id":"0","name":"eventBus"}}
{"__type":"$$EventMessageNode","id":"fe167a6b-fcfb-40fd-844b-937be000d0b7","ts":"2025-09-22T13:13:45.980+00:00","eventName":"n8n.node.finished","message":"n8n.node.finished","payload":{"workflowId":"4onN4QCMSitXFhHP","workflowName":"My workflow","executionId":"1","nodeType":"n8n-nodes-base.manualTrigger","nodeName":"When clicking ‘Execute workflow’","nodeId":"15e08ba1-093e-44e8-8116-f8f9d189348c"}}
{"__type":"$$EventMessageConfirm","confirm":"fe167a6b-fcfb-40fd-844b-937be000d0b7","ts":"2025-09-22T13:13:45.980+00:00","source":{"id":"0","name":"eventBus"}}
{"__type":"$$EventMessageNode","id":"29914ae4-2340-4467-9022-f65ddd9f48e8","ts":"2025-09-22T13:13:45.981+00:00","eventName":"n8n.node.started","message":"n8n.node.started","payload":{"workflowId":"4onN4QCMSitXFhHP","workflowName":"My workflow","executionId":"1","nodeType":"CUSTOM.random","nodeName":"Random Number","nodeId":"15e3bd28-8976-4e64-9ab4-04b0a708ab55"}}
{"__type":"$$EventMessageConfirm","confirm":"29914ae4-2340-4467-9022-f65ddd9f48e8","ts":"2025-09-22T13:13:45.981+00:00","source":{"id":"0","name":"eventBus"}}
{"__type":"$$EventMessageNode","id":"04104f3d-be02-4494-a90e-6cea2ed437aa","ts":"2025-09-22T13:13:46.417+00:00","eventName":"n8n.node.finished","message":"n8n.node.finished","payload":{"workflowId":"4onN4QCMSitXFhHP","workflowName":"My workflow","executionId":"1","nodeType":"CUSTOM.random","nodeName":"Random Number","nodeId":"15e3bd28-8976-4e64-9ab4-04b0a708ab55"}}
{"__type":"$$EventMessageConfirm","confirm":"04104f3d-be02-4494-a90e-6cea2ed437aa","ts":"2025-09-22T13:13:46.418+00:00","source":{"id":"0","name":"eventBus"}}
{"__type":"$$EventMessageWorkflow","id":"ed370623-d870-4e63-9c24-e07058ee866e","ts":"2025-09-22T13:13:46.433+00:00","eventName":"n8n.workflow.success","message":"n8n.workflow.success","payload":{"userId":"89d5cbf2-d4f4-4d33-806c-2d5e8caafc06","executionId":"1","success":true,"isManual":true,"workflowId":"4onN4QCMSitXFhHP","workflowName":"My workflow"}}
{"__type":"$$EventMessageConfirm","confirm":"ed370623-d870-4e63-9c24-e07058ee866e","ts":"2025-09-22T13:13:46.434+00:00","source":{"id":"0","name":"eventBus"}}
{"__type":"$$EventMessageWorkflow","id":"4eb52898-779c-4143-8cac-d714cd51a32e","ts":"2025-09-22T13:13:48.476+00:00","eventName":"n8n.workflow.started","message":"n8n.workflow.started","payload":{"executionId":"2","workflowId":"4onN4QCMSitXFhHP","isManual":false,"workflowName":"My workflow"}}
{"__type":"$$EventMessageConfirm","confirm":"4eb52898-779c-4143-8cac-d714cd51a32e","ts":"2025-09-22T13:13:48.476+00:00","source":{"id":"0","name":"eventBus"}}
{"__type":"$$EventMessageNode","id":"eb374099-46ef-4e95-89c3-f693024aacae","ts":"2025-09-22T13:13:48.476+00:00","eventName":"n8n.node.started","message":"n8n.node.started","payload":{"workflowId":"4onN4QCMSitXFhHP","workflowName":"My workflow","executionId":"2","nodeType":"CUSTOM.random","nodeName":"Random Number","nodeId":"15e3bd28-8976-4e64-9ab4-04b0a708ab55"}}
{"__type":"$$EventMessageConfirm","confirm":"eb374099-46ef-4e95-89c3-f693024aacae","ts":"2025-09-22T13:13:48.476+00:00","source":{"id":"0","name":"eventBus"}}
{"__type":"$$EventMessageNode","id":"0ff6ad26-99d1-4684-87ee-a98fc13e228a","ts":"2025-09-22T13:13:48.865+00:00","eventName":"n8n.node.finished","message":"n8n.node.finished","payload":{"workflowId":"4onN4QCMSitXFhHP","workflowName":"My workflow","executionId":"2","nodeType":"CUSTOM.random","nodeName":"Random Number","nodeId":"15e3bd28-8976-4e64-9ab4-04b0a708ab55"}}
{"__type":"$$EventMessageConfirm","confirm":"0ff6ad26-99d1-4684-87ee-a98fc13e228a","ts":"2025-09-22T13:13:48.865+00:00","source":{"id":"0","name":"eventBus"}}
{"__type":"$$EventMessageWorkflow","id":"31862532-9d40-44ea-9719-aba0737f5536","ts":"2025-09-22T13:13:48.867+00:00","eventName":"n8n.workflow.success","message":"n8n.workflow.success","payload":{"userId":"89d5cbf2-d4f4-4d33-806c-2d5e8caafc06","executionId":"2","success":true,"isManual":true,"workflowId":"4onN4QCMSitXFhHP","workflowName":"My workflow"}}
{"__type":"$$EventMessageConfirm","confirm":"31862532-9d40-44ea-9719-aba0737f5536","ts":"2025-09-22T13:13:48.868+00:00","source":{"id":"0","name":"eventBus"}}
{"__type":"$$EventMessageWorkflow","id":"4aa8984a-1782-4321-9a93-24dc77be9b65","ts":"2025-09-22T13:13:49.571+00:00","eventName":"n8n.workflow.started","message":"n8n.workflow.started","payload":{"executionId":"3","workflowId":"4onN4QCMSitXFhHP","isManual":false,"workflowName":"My workflow"}}
{"__type":"$$EventMessageConfirm","confirm":"4aa8984a-1782-4321-9a93-24dc77be9b65","ts":"2025-09-22T13:13:49.572+00:00","source":{"id":"0","name":"eventBus"}}
{"__type":"$$EventMessageNode","id":"9f363d0e-7f31-4839-8b6c-99648edb7a1f","ts":"2025-09-22T13:13:49.572+00:00","eventName":"n8n.node.started","message":"n8n.node.started","payload":{"workflowId":"4onN4QCMSitXFhHP","workflowName":"My workflow","executionId":"3","nodeType":"CUSTOM.random","nodeName":"Random Number","nodeId":"15e3bd28-8976-4e64-9ab4-04b0a708ab55"}}
{"__type":"$$EventMessageConfirm","confirm":"9f363d0e-7f31-4839-8b6c-99648edb7a1f","ts":"2025-09-22T13:13:49.572+00:00","source":{"id":"0","name":"eventBus"}}
{"__type":"$$EventMessageNode","id":"e2f638aa-7fa1-48db-9a0e-acc9af6402f3","ts":"2025-09-22T13:13:50.361+00:00","eventName":"n8n.node.finished","message":"n8n.node.finished","payload":{"workflowId":"4onN4QCMSitXFhHP","workflowName":"My workflow","executionId":"3","nodeType":"CUSTOM.random","nodeName":"Random Number","nodeId":"15e3bd28-8976-4e64-9ab4-04b0a708ab55"}}
{"__type":"$$EventMessageConfirm","confirm":"e2f638aa-7fa1-48db-9a0e-acc9af6402f3","ts":"2025-09-22T13:13:50.361+00:00","source":{"id":"0","name":"eventBus"}}
{"__type":"$$EventMessageWorkflow","id":"033a5d0b-8583-4cff-b376-f0c3be59c4db","ts":"2025-09-22T13:13:50.363+00:00","eventName":"n8n.workflow.success","message":"n8n.workflow.success","payload":{"userId":"89d5cbf2-d4f4-4d33-806c-2d5e8caafc06","executionId":"3","success":true,"isManual":true,"workflowId":"4onN4QCMSitXFhHP","workflowName":"My workflow"}}
{"__type":"$$EventMessageConfirm","confirm":"033a5d0b-8583-4cff-b376-f0c3be59c4db","ts":"2025-09-22T13:13:50.363+00:00","source":{"id":"0","name":"eventBus"}}
{"__type":"$$EventMessageWorkflow","id":"151c1a0e-5c1f-405e-b332-ffc726060635","ts":"2025-09-22T13:13:50.926+00:00","eventName":"n8n.workflow.started","message":"n8n.workflow.started","payload":{"executionId":"4","workflowId":"4onN4QCMSitXFhHP","isManual":false,"workflowName":"My workflow"}}
{"__type":"$$EventMessageConfirm","confirm":"151c1a0e-5c1f-405e-b332-ffc726060635","ts":"2025-09-22T13:13:50.926+00:00","source":{"id":"0","name":"eventBus"}}
{"__type":"$$EventMessageNode","id":"74e4a14e-689a-426d-93b8-6cca3725479c","ts":"2025-09-22T13:13:50.927+00:00","eventName":"n8n.node.started","message":"n8n.node.started","payload":{"workflowId":"4onN4QCMSitXFhHP","workflowName":"My workflow","executionId":"4","nodeType":"CUSTOM.random","nodeName":"Random Number","nodeId":"15e3bd28-8976-4e64-9ab4-04b0a708ab55"}}
{"__type":"$$EventMessageConfirm","confirm":"74e4a14e-689a-426d-93b8-6cca3725479c","ts":"2025-09-22T13:13:50.927+00:00","source":{"id":"0","name":"eventBus"}}
{"__type":"$$EventMessageNode","id":"0d1c43d7-684b-460f-a755-a556539d1798","ts":"2025-09-22T13:13:51.315+00:00","eventName":"n8n.node.finished","message":"n8n.node.finished","payload":{"workflowId":"4onN4QCMSitXFhHP","workflowName":"My workflow","executionId":"4","nodeType":"CUSTOM.random","nodeName":"Random Number","nodeId":"15e3bd28-8976-4e64-9ab4-04b0a708ab55"}}
{"__type":"$$EventMessageConfirm","confirm":"0d1c43d7-684b-460f-a755-a556539d1798","ts":"2025-09-22T13:13:51.315+00:00","source":{"id":"0","name":"eventBus"}}
{"__type":"$$EventMessageWorkflow","id":"1e6ab306-187c-4b15-b15b-200adbcd0fff","ts":"2025-09-22T13:13:51.317+00:00","eventName":"n8n.workflow.success","message":"n8n.workflow.success","payload":{"userId":"89d5cbf2-d4f4-4d33-806c-2d5e8caafc06","executionId":"4","success":true,"isManual":true,"workflowId":"4onN4QCMSitXFhHP","workflowName":"My workflow"}}
{"__type":"$$EventMessageConfirm","confirm":"1e6ab306-187c-4b15-b15b-200adbcd0fff","ts":"2025-09-22T13:13:51.317+00:00","source":{"id":"0","name":"eventBus"}}
{"__type":"$$EventMessageWorkflow","id":"73d94211-f11e-427e-b719-d0f1869b86db","ts":"2025-09-22T13:13:52.425+00:00","eventName":"n8n.workflow.started","message":"n8n.workflow.started","payload":{"executionId":"5","workflowId":"4onN4QCMSitXFhHP","isManual":false,"workflowName":"My workflow"}}
{"__type":"$$EventMessageConfirm","confirm":"73d94211-f11e-427e-b719-d0f1869b86db","ts":"2025-09-22T13:13:52.425+00:00","source":{"id":"0","name":"eventBus"}}
{"__type":"$$EventMessageNode","id":"5ac4856a-930d-4dca-bde3-72a95e05db2b","ts":"2025-09-22T13:13:52.426+00:00","eventName":"n8n.node.started","message":"n8n.node.started","payload":{"workflowId":"4onN4QCMSitXFhHP","workflowName":"My workflow","executionId":"5","nodeType":"CUSTOM.random","nodeName":"Random Number","nodeId":"15e3bd28-8976-4e64-9ab4-04b0a708ab55"}}
{"__type":"$$EventMessageConfirm","confirm":"5ac4856a-930d-4dca-bde3-72a95e05db2b","ts":"2025-09-22T13:13:52.426+00:00","source":{"id":"0","name":"eventBus"}}
{"__type":"$$EventMessageNode","id":"f4c31979-6bea-43c7-a088-763b5deb7966","ts":"2025-09-22T13:13:52.786+00:00","eventName":"n8n.node.finished","message":"n8n.node.finished","payload":{"workflowId":"4onN4QCMSitXFhHP","workflowName":"My workflow","executionId":"5","nodeType":"CUSTOM.random","nodeName":"Random Number","nodeId":"15e3bd28-8976-4e64-9ab4-04b0a708ab55"}}
{"__type":"$$EventMessageConfirm","confirm":"f4c31979-6bea-43c7-a088-763b5deb7966","ts":"2025-09-22T13:13:52.787+00:00","source":{"id":"0","name":"eventBus"}}
{"__type":"$$EventMessageWorkflow","id":"4b986b7f-dbbf-4a4b-af13-b77843732f1c","ts":"2025-09-22T13:13:52.789+00:00","eventName":"n8n.workflow.success","message":"n8n.workflow.success","payload":{"userId":"89d5cbf2-d4f4-4d33-806c-2d5e8caafc06","executionId":"5","success":true,"isManual":true,"workflowId":"4onN4QCMSitXFhHP","workflowName":"My workflow"}}
{"__type":"$$EventMessageConfirm","confirm":"4b986b7f-dbbf-4a4b-af13-b77843732f1c","ts":"2025-09-22T13:13:52.789+00:00","source":{"id":"0","name":"eventBus"}}
{"__type":"$$EventMessageWorkflow","id":"a17a2198-48e2-4d91-ab85-282b5a55a678","ts":"2025-09-22T13:14:00.844+00:00","eventName":"n8n.workflow.started","message":"n8n.workflow.started","payload":{"executionId":"6","workflowId":"4onN4QCMSitXFhHP","isManual":false,"workflowName":"My workflow"}}
{"__type":"$$EventMessageConfirm","confirm":"a17a2198-48e2-4d91-ab85-282b5a55a678","ts":"2025-09-22T13:14:00.844+00:00","source":{"id":"0","name":"eventBus"}}
{"__type":"$$EventMessageNode","id":"0ffbd246-b75b-4096-8ddb-0178bd6fe47d","ts":"2025-09-22T13:14:00.845+00:00","eventName":"n8n.node.started","message":"n8n.node.started","payload":{"workflowId":"4onN4QCMSitXFhHP","workflowName":"My workflow","executionId":"6","nodeType":"n8n-nodes-base.manualTrigger","nodeName":"When clicking ‘Execute workflow’","nodeId":"15e08ba1-093e-44e8-8116-f8f9d189348c"}}
{"__type":"$$EventMessageConfirm","confirm":"0ffbd246-b75b-4096-8ddb-0178bd6fe47d","ts":"2025-09-22T13:14:00.845+00:00","source":{"id":"0","name":"eventBus"}}
{"__type":"$$EventMessageNode","id":"a86f363d-2189-4120-9e22-50d5271811bc","ts":"2025-09-22T13:14:00.847+00:00","eventName":"n8n.node.finished","message":"n8n.node.finished","payload":{"workflowId":"4onN4QCMSitXFhHP","workflowName":"My workflow","executionId":"6","nodeType":"n8n-nodes-base.manualTrigger","nodeName":"When clicking ‘Execute workflow’","nodeId":"15e08ba1-093e-44e8-8116-f8f9d189348c"}}
{"__type":"$$EventMessageConfirm","confirm":"a86f363d-2189-4120-9e22-50d5271811bc","ts":"2025-09-22T13:14:00.847+00:00","source":{"id":"0","name":"eventBus"}}
{"__type":"$$EventMessageNode","id":"1347d18d-a7c5-4126-90e4-6b8a73f09bdb","ts":"2025-09-22T13:14:00.847+00:00","eventName":"n8n.node.started","message":"n8n.node.started","payload":{"workflowId":"4onN4QCMSitXFhHP","workflowName":"My workflow","executionId":"6","nodeType":"CUSTOM.random","nodeName":"Random Number","nodeId":"15e3bd28-8976-4e64-9ab4-04b0a708ab55"}}
{"__type":"$$EventMessageConfirm","confirm":"1347d18d-a7c5-4126-90e4-6b8a73f09bdb","ts":"2025-09-22T13:14:00.848+00:00","source":{"id":"0","name":"eventBus"}}
{"__type":"$$EventMessageNode","id":"b7a5512b-da3e-48f0-8383-10febdb2bb29","ts":"2025-09-22T13:14:01.231+00:00","eventName":"n8n.node.finished","message":"n8n.node.finished","payload":{"workflowId":"4onN4QCMSitXFhHP","workflowName":"My workflow","executionId":"6","nodeType":"CUSTOM.random","nodeName":"Random Number","nodeId":"15e3bd28-8976-4e64-9ab4-04b0a708ab55"}}
{"__type":"$$EventMessageConfirm","confirm":"b7a5512b-da3e-48f0-8383-10febdb2bb29","ts":"2025-09-22T13:14:01.231+00:00","source":{"id":"0","name":"eventBus"}}
{"__type":"$$EventMessageWorkflow","id":"99394f2f-ca50-4d80-a214-0e4d81c0372c","ts":"2025-09-22T13:14:01.232+00:00","eventName":"n8n.workflow.success","message":"n8n.workflow.success","payload":{"userId":"89d5cbf2-d4f4-4d33-806c-2d5e8caafc06","executionId":"6","success":true,"isManual":true,"workflowId":"4onN4QCMSitXFhHP","workflowName":"My workflow"}}
{"__type":"$$EventMessageConfirm","confirm":"99394f2f-ca50-4d80-a214-0e4d81c0372c","ts":"2025-09-22T13:14:01.232+00:00","source":{"id":"0","name":"eventBus"}}
{"__type":"$$EventMessageAudit","id":"73e5bb73-4437-414e-922a-bb78992078e0","ts":"2025-09-22T13:19:15.332+00:00","eventName":"n8n.audit.user.login.success","message":"n8n.audit.user.login.success","payload":{"userId":"89d5cbf2-d4f4-4d33-806c-2d5e8caafc06","_email":"onflytestebruno@gmail.com","_firstName":"Bruno Teste","_lastName":"Onfly","globalRole":"global:owner","authenticationMethod":"email"}}
{"__type":"$$EventMessageConfirm","confirm":"73e5bb73-4437-414e-922a-bb78992078e0","ts":"2025-09-22T13:19:15.332+00:00","source":{"id":"0","name":"eventBus"}}
{"__type":"$$EventMessageWorkflow","id":"80897244-6a32-49c9-8b83-ddcca618b561","ts":"2025-09-22T13:19:26.543+00:00","eventName":"n8n.workflow.started","message":"n8n.workflow.started","payload":{"executionId":"7","workflowId":"4onN4QCMSitXFhHP","isManual":false,"workflowName":"My workflow"}}
{"__type":"$$EventMessageConfirm","confirm":"80897244-6a32-49c9-8b83-ddcca618b561","ts":"2025-09-22T13:19:26.543+00:00","source":{"id":"0","name":"eventBus"}}
{"__type":"$$EventMessageNode","id":"42800583-b487-48ac-8f3b-2bc29a05a91a","ts":"2025-09-22T13:19:26.544+00:00","eventName":"n8n.node.started","message":"n8n.node.started","payload":{"workflowId":"4onN4QCMSitXFhHP","workflowName":"My workflow","executionId":"7","nodeType":"n8n-nodes-base.manualTrigger","nodeName":"When clicking ‘Execute workflow’","nodeId":"15e08ba1-093e-44e8-8116-f8f9d189348c"}}
{"__type":"$$EventMessageConfirm","confirm":"42800583-b487-48ac-8f3b-2bc29a05a91a","ts":"2025-09-22T13:19:26.544+00:00","source":{"id":"0","name":"eventBus"}}
{"__type":"$$EventMessageNode","id":"5b5f18f9-c6fa-4327-a198-e4630aee96f7","ts":"2025-09-22T13:19:26.546+00:00","eventName":"n8n.node.finished","message":"n8n.node.finished","payload":{"workflowId":"4onN4QCMSitXFhHP","workflowName":"My workflow","executionId":"7","nodeType":"n8n-nodes-base.manualTrigger","nodeName":"When clicking ‘Execute workflow’","nodeId":"15e08ba1-093e-44e8-8116-f8f9d189348c"}}
{"__type":"$$EventMessageConfirm","confirm":"5b5f18f9-c6fa-4327-a198-e4630aee96f7","ts":"2025-09-22T13:19:26.546+00:00","source":{"id":"0","name":"eventBus"}}
{"__type":"$$EventMessageNode","id":"5bac6dc0-b245-4513-92a0-e90b399ca254","ts":"2025-09-22T13:19:26.549+00:00","eventName":"n8n.node.started","message":"n8n.node.started","payload":{"workflowId":"4onN4QCMSitXFhHP","workflowName":"My workflow","executionId":"7","nodeType":"CUSTOM.random","nodeName":"Random Number","nodeId":"15e3bd28-8976-4e64-9ab4-04b0a708ab55"}}
{"__type":"$$EventMessageConfirm","confirm":"5bac6dc0-b245-4513-92a0-e90b399ca254","ts":"2025-09-22T13:19:26.549+00:00","source":{"id":"0","name":"eventBus"}}
{"__type":"$$EventMessageNode","id":"5fa09d06-7ca7-4b35-8990-2e0d7318b5e8","ts":"2025-09-22T13:19:26.942+00:00","eventName":"n8n.node.finished","message":"n8n.node.finished","payload":{"workflowId":"4onN4QCMSitXFhHP","workflowName":"My workflow","executionId":"7","nodeType":"CUSTOM.random","nodeName":"Random Number","nodeId":"15e3bd28-8976-4e64-9ab4-04b0a708ab55"}}
{"__type":"$$EventMessageConfirm","confirm":"5fa09d06-7ca7-4b35-8990-2e0d7318b5e8","ts":"2025-09-22T13:19:26.943+00:00","source":{"id":"0","name":"eventBus"}}
{"__type":"$$EventMessageWorkflow","id":"18e63aca-9b51-4189-a134-974eea5044b1","ts":"2025-09-22T13:19:26.948+00:00","eventName":"n8n.workflow.success","message":"n8n.workflow.success","payload":{"userId":"89d5cbf2-d4f4-4d33-806c-2d5e8caafc06","executionId":"7","success":true,"isManual":true,"workflowId":"4onN4QCMSitXFhHP","workflowName":"My workflow"}}
{"__type":"$$EventMessageConfirm","confirm":"18e63aca-9b51-4189-a134-974eea5044b1","ts":"2025-09-22T13:19:26.948+00:00","source":{"id":"0","name":"eventBus"}}
{"__type":"$$EventMessageWorkflow","id":"bad9a2e3-8ed2-4c86-933b-86a5b4ecbe0e","ts":"2025-09-22T13:20:05.938+00:00","eventName":"n8n.workflow.started","message":"n8n.workflow.started","payload":{"executionId":"8","workflowId":"4onN4QCMSitXFhHP","isManual":false,"workflowName":"My workflow"}}
{"__type":"$$EventMessageConfirm","confirm":"bad9a2e3-8ed2-4c86-933b-86a5b4ecbe0e","ts":"2025-09-22T13:20:05.938+00:00","source":{"id":"0","name":"eventBus"}}
{"__type":"$$EventMessageNode","id":"c46bdda5-6fe4-4320-8b57-310e7a0f57b0","ts":"2025-09-22T13:20:05.939+00:00","eventName":"n8n.node.started","message":"n8n.node.started","payload":{"workflowId":"4onN4QCMSitXFhHP","workflowName":"My workflow","executionId":"8","nodeType":"n8n-nodes-base.manualTrigger","nodeName":"When clicking ‘Execute workflow’","nodeId":"15e08ba1-093e-44e8-8116-f8f9d189348c"}}
{"__type":"$$EventMessageConfirm","confirm":"c46bdda5-6fe4-4320-8b57-310e7a0f57b0","ts":"2025-09-22T13:20:05.939+00:00","source":{"id":"0","name":"eventBus"}}
{"__type":"$$EventMessageNode","id":"afb9bdb8-0b21-48cd-b95f-d68a47108d9c","ts":"2025-09-22T13:20:05.940+00:00","eventName":"n8n.node.finished","message":"n8n.node.finished","payload":{"workflowId":"4onN4QCMSitXFhHP","workflowName":"My workflow","executionId":"8","nodeType":"n8n-nodes-base.manualTrigger","nodeName":"When clicking ‘Execute workflow’","nodeId":"15e08ba1-093e-44e8-8116-f8f9d189348c"}}
{"__type":"$$EventMessageConfirm","confirm":"afb9bdb8-0b21-48cd-b95f-d68a47108d9c","ts":"2025-09-22T13:20:05.940+00:00","source":{"id":"0","name":"eventBus"}}
{"__type":"$$EventMessageNode","id":"c17ecf86-6f9c-4eda-a5e8-e9b6d8c6b28f","ts":"2025-09-22T13:20:05.940+00:00","eventName":"n8n.node.started","message":"n8n.node.started","payload":{"workflowId":"4onN4QCMSitXFhHP","workflowName":"My workflow","executionId":"8","nodeType":"CUSTOM.random","nodeName":"Random Number","nodeId":"15e3bd28-8976-4e64-9ab4-04b0a708ab55"}}
{"__type":"$$EventMessageConfirm","confirm":"c17ecf86-6f9c-4eda-a5e8-e9b6d8c6b28f","ts":"2025-09-22T13:20:05.941+00:00","source":{"id":"0","name":"eventBus"}}
{"__type":"$$EventMessageNode","id":"10e427bb-e5cb-47cf-8291-1ceb8e0e1211","ts":"2025-09-22T13:20:06.345+00:00","eventName":"n8n.node.finished","message":"n8n.node.finished","payload":{"workflowId":"4onN4QCMSitXFhHP","workflowName":"My workflow","executionId":"8","nodeType":"CUSTOM.random","nodeName":"Random Number","nodeId":"15e3bd28-8976-4e64-9ab4-04b0a708ab55"}}
{"__type":"$$EventMessageConfirm","confirm":"10e427bb-e5cb-47cf-8291-1ceb8e0e1211","ts":"2025-09-22T13:20:06.345+00:00","source":{"id":"0","name":"eventBus"}}
{"__type":"$$EventMessageWorkflow","id":"381a11c3-0497-4c45-a3d4-b6e0dab3c6fe","ts":"2025-09-22T13:20:06.346+00:00","eventName":"n8n.workflow.success","message":"n8n.workflow.success","payload":{"userId":"89d5cbf2-d4f4-4d33-806c-2d5e8caafc06","executionId":"8","success":true,"isManual":true,"workflowId":"4onN4QCMSitXFhHP","workflowName":"My workflow"}}
{"__type":"$$EventMessageConfirm","confirm":"381a11c3-0497-4c45-a3d4-b6e0dab3c6fe","ts":"2025-09-22T13:20:06.346+00:00","source":{"id":"0","name":"eventBus"}}
{"__type":"$$EventMessageWorkflow","id":"11fae7fa-0372-4720-8281-ff963b3b4f7b","ts":"2025-09-22T13:20:44.983+00:00","eventName":"n8n.workflow.started","message":"n8n.workflow.started","payload":{"executionId":"9","workflowId":"4onN4QCMSitXFhHP","isManual":false,"workflowName":"My workflow"}}
{"__type":"$$EventMessageConfirm","confirm":"11fae7fa-0372-4720-8281-ff963b3b4f7b","ts":"2025-09-22T13:20:44.983+00:00","source":{"id":"0","name":"eventBus"}}
{"__type":"$$EventMessageNode","id":"dc330c0f-b1b6-425c-822b-02991cd9a2b9","ts":"2025-09-22T13:20:44.985+00:00","eventName":"n8n.node.started","message":"n8n.node.started","payload":{"workflowId":"4onN4QCMSitXFhHP","workflowName":"My workflow","executionId":"9","nodeType":"CUSTOM.random","nodeName":"Random Number","nodeId":"15e3bd28-8976-4e64-9ab4-04b0a708ab55"}}
{"__type":"$$EventMessageConfirm","confirm":"dc330c0f-b1b6-425c-822b-02991cd9a2b9","ts":"2025-09-22T13:20:44.985+00:00","source":{"id":"0","name":"eventBus"}}
{"__type":"$$EventMessageNode","id":"c2181a6c-1987-4252-94bd-fd48b209be9f","ts":"2025-09-22T13:20:45.377+00:00","eventName":"n8n.node.finished","message":"n8n.node.finished","payload":{"workflowId":"4onN4QCMSitXFhHP","workflowName":"My workflow","executionId":"9","nodeType":"CUSTOM.random","nodeName":"Random Number","nodeId":"15e3bd28-8976-4e64-9ab4-04b0a708ab55"}}
{"__type":"$$EventMessageConfirm","confirm":"c2181a6c-1987-4252-94bd-fd48b209be9f","ts":"2025-09-22T13:20:45.377+00:00","source":{"id":"0","name":"eventBus"}}
{"__type":"$$EventMessageWorkflow","id":"b5bbd7b0-2531-4e92-9d91-0856403ef3b0","ts":"2025-09-22T13:20:45.381+00:00","eventName":"n8n.workflow.success","message":"n8n.workflow.success","payload":{"userId":"89d5cbf2-d4f4-4d33-806c-2d5e8caafc06","executionId":"9","success":true,"isManual":true,"workflowId":"4onN4QCMSitXFhHP","workflowName":"My workflow"}}
{"__type":"$$EventMessageConfirm","confirm":"b5bbd7b0-2531-4e92-9d91-0856403ef3b0","ts":"2025-09-22T13:20:45.381+00:00","source":{"id":"0","name":"eventBus"}}
{"__type":"$$EventMessageWorkflow","id":"d2bd1402-26c3-4572-9bc4-6a4fbac065e5","ts":"2025-09-22T13:20:45.964+00:00","eventName":"n8n.workflow.started","message":"n8n.workflow.started","payload":{"executionId":"10","workflowId":"4onN4QCMSitXFhHP","isManual":false,"workflowName":"My workflow"}}
{"__type":"$$EventMessageConfirm","confirm":"d2bd1402-26c3-4572-9bc4-6a4fbac065e5","ts":"2025-09-22T13:20:45.964+00:00","source":{"id":"0","name":"eventBus"}}
{"__type":"$$EventMessageNode","id":"fc6edc83-4626-4a4e-9243-7ced9c21fbb8","ts":"2025-09-22T13:20:45.965+00:00","eventName":"n8n.node.started","message":"n8n.node.started","payload":{"workflowId":"4onN4QCMSitXFhHP","workflowName":"My workflow","executionId":"10","nodeType":"CUSTOM.random","nodeName":"Random Number","nodeId":"15e3bd28-8976-4e64-9ab4-04b0a708ab55"}}
{"__type":"$$EventMessageConfirm","confirm":"fc6edc83-4626-4a4e-9243-7ced9c21fbb8","ts":"2025-09-22T13:20:45.965+00:00","source":{"id":"0","name":"eventBus"}}
{"__type":"$$EventMessageNode","id":"081a2c44-4c7d-4a1d-aaf6-5a272ff9fbe9","ts":"2025-09-22T13:20:46.343+00:00","eventName":"n8n.node.finished","message":"n8n.node.finished","payload":{"workflowId":"4onN4QCMSitXFhHP","workflowName":"My workflow","executionId":"10","nodeType":"CUSTOM.random","nodeName":"Random Number","nodeId":"15e3bd28-8976-4e64-9ab4-04b0a708ab55"}}
{"__type":"$$EventMessageConfirm","confirm":"081a2c44-4c7d-4a1d-aaf6-5a272ff9fbe9","ts":"2025-09-22T13:20:46.344+00:00","source":{"id":"0","name":"eventBus"}}
{"__type":"$$EventMessageWorkflow","id":"bf584aa0-a5b8-4362-84ad-16698704c546","ts":"2025-09-22T13:20:46.348+00:00","eventName":"n8n.workflow.success","message":"n8n.workflow.success","payload":{"userId":"89d5cbf2-d4f4-4d33-806c-2d5e8caafc06","executionId":"10","success":true,"isManual":true,"workflowId":"4onN4QCMSitXFhHP","workflowName":"My workflow"}}
{"__type":"$$EventMessageConfirm","confirm":"bf584aa0-a5b8-4362-84ad-16698704c546","ts":"2025-09-22T13:20:46.349+00:00","source":{"id":"0","name":"eventBus"}}
{"__type":"$$EventMessageWorkflow","id":"f860ec09-b064-4696-8282-9cbfe1132cde","ts":"2025-09-22T13:20:46.798+00:00","eventName":"n8n.workflow.started","message":"n8n.workflow.started","payload":{"executionId":"11","workflowId":"4onN4QCMSitXFhHP","isManual":false,"workflowName":"My workflow"}}
{"__type":"$$EventMessageConfirm","confirm":"f860ec09-b064-4696-8282-9cbfe1132cde","ts":"2025-09-22T13:20:46.798+00:00","source":{"id":"0","name":"eventBus"}}
{"__type":"$$EventMessageNode","id":"3b61587b-c367-42b6-b03f-99abc146a287","ts":"2025-09-22T13:20:46.798+00:00","eventName":"n8n.node.started","message":"n8n.node.started","payload":{"workflowId":"4onN4QCMSitXFhHP","workflowName":"My workflow","executionId":"11","nodeType":"CUSTOM.random","nodeName":"Random Number","nodeId":"15e3bd28-8976-4e64-9ab4-04b0a708ab55"}}
{"__type":"$$EventMessageConfirm","confirm":"3b61587b-c367-42b6-b03f-99abc146a287","ts":"2025-09-22T13:20:46.799+00:00","source":{"id":"0","name":"eventBus"}}
{"__type":"$$EventMessageNode","id":"e542a937-ff06-401e-87ba-09d25fa743d6","ts":"2025-09-22T13:20:47.175+00:00","eventName":"n8n.node.finished","message":"n8n.node.finished","payload":{"workflowId":"4onN4QCMSitXFhHP","workflowName":"My workflow","executionId":"11","nodeType":"CUSTOM.random","nodeName":"Random Number","nodeId":"15e3bd28-8976-4e64-9ab4-04b0a708ab55"}}
{"__type":"$$EventMessageConfirm","confirm":"e542a937-ff06-401e-87ba-09d25fa743d6","ts":"2025-09-22T13:20:47.175+00:00","source":{"id":"0","name":"eventBus"}}
{"__type":"$$EventMessageWorkflow","id":"e8887f77-5603-4d15-a7dc-7dc867de6f8a","ts":"2025-09-22T13:20:47.180+00:00","eventName":"n8n.workflow.success","message":"n8n.workflow.success","payload":{"userId":"89d5cbf2-d4f4-4d33-806c-2d5e8caafc06","executionId":"11","success":true,"isManual":true,"workflowId":"4onN4QCMSitXFhHP","workflowName":"My workflow"}}
{"__type":"$$EventMessageConfirm","confirm":"e8887f77-5603-4d15-a7dc-7dc867de6f8a","ts":"2025-09-22T13:20:47.181+00:00","source":{"id":"0","name":"eventBus"}}
{"__type":"$$EventMessageWorkflow","id":"4f2cc368-65b6-47d0-ab38-4978d24eeab2","ts":"2025-09-22T13:20:47.596+00:00","eventName":"n8n.workflow.started","message":"n8n.workflow.started","payload":{"executionId":"12","workflowId":"4onN4QCMSitXFhHP","isManual":false,"workflowName":"My workflow"}}
{"__type":"$$EventMessageConfirm","confirm":"4f2cc368-65b6-47d0-ab38-4978d24eeab2","ts":"2025-09-22T13:20:47.596+00:00","source":{"id":"0","name":"eventBus"}}
{"__type":"$$EventMessageNode","id":"e7cd5a1d-750d-41e5-9392-a354fd2d90ae","ts":"2025-09-22T13:20:47.597+00:00","eventName":"n8n.node.started","message":"n8n.node.started","payload":{"workflowId":"4onN4QCMSitXFhHP","workflowName":"My workflow","executionId":"12","nodeType":"CUSTOM.random","nodeName":"Random Number","nodeId":"15e3bd28-8976-4e64-9ab4-04b0a708ab55"}}
{"__type":"$$EventMessageConfirm","confirm":"e7cd5a1d-750d-41e5-9392-a354fd2d90ae","ts":"2025-09-22T13:20:47.597+00:00","source":{"id":"0","name":"eventBus"}}
{"__type":"$$EventMessageNode","id":"06bc6236-b3d2-4b4e-bfa2-6d0a729a57fc","ts":"2025-09-22T13:20:47.978+00:00","eventName":"n8n.node.finished","message":"n8n.node.finished","payload":{"workflowId":"4onN4QCMSitXFhHP","workflowName":"My workflow","executionId":"12","nodeType":"CUSTOM.random","nodeName":"Random Number","nodeId":"15e3bd28-8976-4e64-9ab4-04b0a708ab55"}}
{"__type":"$$EventMessageConfirm","confirm":"06bc6236-b3d2-4b4e-bfa2-6d0a729a57fc","ts":"2025-09-22T13:20:47.978+00:00","source":{"id":"0","name":"eventBus"}}
{"__type":"$$EventMessageWorkflow","id":"6e72d8bb-f01e-451d-9857-2cd5a6603fbf","ts":"2025-09-22T13:20:47.980+00:00","eventName":"n8n.workflow.success","message":"n8n.workflow.success","payload":{"userId":"89d5cbf2-d4f4-4d33-806c-2d5e8caafc06","executionId":"12","success":true,"isManual":true,"workflowId":"4onN4QCMSitXFhHP","workflowName":"My workflow"}}
{"__type":"$$EventMessageConfirm","confirm":"6e72d8bb-f01e-451d-9857-2cd5a6603fbf","ts":"2025-09-22T13:20:47.980+00:00","source":{"id":"0","name":"eventBus"}}
{"__type":"$$EventMessageWorkflow","id":"3932c100-d7c3-4f6e-a21a-80fb5802ecbb","ts":"2025-09-22T13:20:48.378+00:00","eventName":"n8n.workflow.started","message":"n8n.workflow.started","payload":{"executionId":"13","workflowId":"4onN4QCMSitXFhHP","isManual":false,"workflowName":"My workflow"}}
{"__type":"$$EventMessageConfirm","confirm":"3932c100-d7c3-4f6e-a21a-80fb5802ecbb","ts":"2025-09-22T13:20:48.378+00:00","source":{"id":"0","name":"eventBus"}}
{"__type":"$$EventMessageNode","id":"351d27d5-d7d9-4ec6-b1dc-a8b4a7fe6785","ts":"2025-09-22T13:20:48.379+00:00","eventName":"n8n.node.started","message":"n8n.node.started","payload":{"workflowId":"4onN4QCMSitXFhHP","workflowName":"My workflow","executionId":"13","nodeType":"CUSTOM.random","nodeName":"Random Number","nodeId":"15e3bd28-8976-4e64-9ab4-04b0a708ab55"}}
{"__type":"$$EventMessageConfirm","confirm":"351d27d5-d7d9-4ec6-b1dc-a8b4a7fe6785","ts":"2025-09-22T13:20:48.379+00:00","source":{"id":"0","name":"eventBus"}}
{"__type":"$$EventMessageNode","id":"da892082-8e09-47f3-821f-87166bd43a78","ts":"2025-09-22T13:20:49.155+00:00","eventName":"n8n.node.finished","message":"n8n.node.finished","payload":{"workflowId":"4onN4QCMSitXFhHP","workflowName":"My workflow","executionId":"13","nodeType":"CUSTOM.random","nodeName":"Random Number","nodeId":"15e3bd28-8976-4e64-9ab4-04b0a708ab55"}}
{"__type":"$$EventMessageConfirm","confirm":"da892082-8e09-47f3-821f-87166bd43a78","ts":"2025-09-22T13:20:49.155+00:00","source":{"id":"0","name":"eventBus"}}
{"__type":"$$EventMessageWorkflow","id":"cdfe76ce-e18c-4fc8-b066-615103b9c52a","ts":"2025-09-22T13:20:49.156+00:00","eventName":"n8n.workflow.success","message":"n8n.workflow.success","payload":{"userId":"89d5cbf2-d4f4-4d33-806c-2d5e8caafc06","executionId":"13","success":true,"isManual":true,"workflowId":"4onN4QCMSitXFhHP","workflowName":"My workflow"}}
{"__type":"$$EventMessageConfirm","confirm":"cdfe76ce-e18c-4fc8-b066-615103b9c52a","ts":"2025-09-22T13:20:49.156+00:00","source":{"id":"0","name":"eventBus"}}
{"__type":"$$EventMessageWorkflow","id":"5348e169-644f-4941-874e-44110534b233","ts":"2025-09-22T13:30:25.389+00:00","eventName":"n8n.workflow.started","message":"n8n.workflow.started","payload":{"executionId":"14","workflowId":"4onN4QCMSitXFhHP","isManual":false,"workflowName":"My workflow"}}
{"__type":"$$EventMessageConfirm","confirm":"5348e169-644f-4941-874e-44110534b233","ts":"2025-09-22T13:30:25.389+00:00","source":{"id":"0","name":"eventBus"}}
{"__type":"$$EventMessageNode","id":"5075ddbe-8872-411e-904a-c60e63e42001","ts":"2025-09-22T13:30:25.389+00:00","eventName":"n8n.node.started","message":"n8n.node.started","payload":{"workflowId":"4onN4QCMSitXFhHP","workflowName":"My workflow","executionId":"14","nodeType":"n8n-nodes-base.manualTrigger","nodeName":"When clicking ‘Execute workflow’","nodeId":"15e08ba1-093e-44e8-8116-f8f9d189348c"}}
{"__type":"$$EventMessageConfirm","confirm":"5075ddbe-8872-411e-904a-c60e63e42001","ts":"2025-09-22T13:30:25.389+00:00","source":{"id":"0","name":"eventBus"}}
{"__type":"$$EventMessageNode","id":"d06b3d6a-aec6-4c15-a4a6-0b6c1798f193","ts":"2025-09-22T13:30:25.390+00:00","eventName":"n8n.node.finished","message":"n8n.node.finished","payload":{"workflowId":"4onN4QCMSitXFhHP","workflowName":"My workflow","executionId":"14","nodeType":"n8n-nodes-base.manualTrigger","nodeName":"When clicking ‘Execute workflow’","nodeId":"15e08ba1-093e-44e8-8116-f8f9d189348c"}}
{"__type":"$$EventMessageConfirm","confirm":"d06b3d6a-aec6-4c15-a4a6-0b6c1798f193","ts":"2025-09-22T13:30:25.391+00:00","source":{"id":"0","name":"eventBus"}}
{"__type":"$$EventMessageNode","id":"f871bf8d-08ea-481d-b5b9-b1790133bfea","ts":"2025-09-22T13:30:25.391+00:00","eventName":"n8n.node.started","message":"n8n.node.started","payload":{"workflowId":"4onN4QCMSitXFhHP","workflowName":"My workflow","executionId":"14","nodeType":"CUSTOM.random","nodeName":"Random Number","nodeId":"15e3bd28-8976-4e64-9ab4-04b0a708ab55"}}
{"__type":"$$EventMessageConfirm","confirm":"f871bf8d-08ea-481d-b5b9-b1790133bfea","ts":"2025-09-22T13:30:25.391+00:00","source":{"id":"0","name":"eventBus"}}
{"__type":"$$EventMessageNode","id":"911c5923-ccd4-41bf-a32a-be5d422b27ec","ts":"2025-09-22T13:30:25.769+00:00","eventName":"n8n.node.finished","message":"n8n.node.finished","payload":{"workflowId":"4onN4QCMSitXFhHP","workflowName":"My workflow","executionId":"14","nodeType":"CUSTOM.random","nodeName":"Random Number","nodeId":"15e3bd28-8976-4e64-9ab4-04b0a708ab55"}}
{"__type":"$$EventMessageConfirm","confirm":"911c5923-ccd4-41bf-a32a-be5d422b27ec","ts":"2025-09-22T13:30:25.769+00:00","source":{"id":"0","name":"eventBus"}}
{"__type":"$$EventMessageWorkflow","id":"b4242918-7cda-4082-87a4-7f6be7787b76","ts":"2025-09-22T13:30:25.771+00:00","eventName":"n8n.workflow.success","message":"n8n.workflow.success","payload":{"userId":"89d5cbf2-d4f4-4d33-806c-2d5e8caafc06","executionId":"14","success":true,"isManual":true,"workflowId":"4onN4QCMSitXFhHP","workflowName":"My workflow"}}
{"__type":"$$EventMessageConfirm","confirm":"b4242918-7cda-4082-87a4-7f6be7787b76","ts":"2025-09-22T13:30:25.771+00:00","source":{"id":"0","name":"eventBus"}}
{"__type":"$$EventMessageWorkflow","id":"cca72003-2e69-4c70-bed1-53915aa0d799","ts":"2025-09-22T13:30:50.273+00:00","eventName":"n8n.workflow.started","message":"n8n.workflow.started","payload":{"executionId":"15","workflowId":"4onN4QCMSitXFhHP","isManual":false,"workflowName":"My workflow"}}
{"__type":"$$EventMessageConfirm","confirm":"cca72003-2e69-4c70-bed1-53915aa0d799","ts":"2025-09-22T13:30:50.273+00:00","source":{"id":"0","name":"eventBus"}}
{"__type":"$$EventMessageNode","id":"d2960976-316f-402c-a617-d8566bef9217","ts":"2025-09-22T13:30:50.274+00:00","eventName":"n8n.node.started","message":"n8n.node.started","payload":{"workflowId":"4onN4QCMSitXFhHP","workflowName":"My workflow","executionId":"15","nodeType":"n8n-nodes-base.manualTrigger","nodeName":"When clicking ‘Execute workflow’","nodeId":"15e08ba1-093e-44e8-8116-f8f9d189348c"}}
{"__type":"$$EventMessageConfirm","confirm":"d2960976-316f-402c-a617-d8566bef9217","ts":"2025-09-22T13:30:50.274+00:00","source":{"id":"0","name":"eventBus"}}
{"__type":"$$EventMessageNode","id":"b068f60a-0cde-4ce8-8839-4dd5183bd213","ts":"2025-09-22T13:30:50.276+00:00","eventName":"n8n.node.finished","message":"n8n.node.finished","payload":{"workflowId":"4onN4QCMSitXFhHP","workflowName":"My workflow","executionId":"15","nodeType":"n8n-nodes-base.manualTrigger","nodeName":"When clicking ‘Execute workflow’","nodeId":"15e08ba1-093e-44e8-8116-f8f9d189348c"}}
{"__type":"$$EventMessageConfirm","confirm":"b068f60a-0cde-4ce8-8839-4dd5183bd213","ts":"2025-09-22T13:30:50.276+00:00","source":{"id":"0","name":"eventBus"}}
{"__type":"$$EventMessageNode","id":"c4a0bce0-da56-4673-88aa-3547609f87ae","ts":"2025-09-22T13:30:50.277+00:00","eventName":"n8n.node.started","message":"n8n.node.started","payload":{"workflowId":"4onN4QCMSitXFhHP","workflowName":"My workflow","executionId":"15","nodeType":"CUSTOM.random","nodeName":"Random Number","nodeId":"15e3bd28-8976-4e64-9ab4-04b0a708ab55"}}
{"__type":"$$EventMessageConfirm","confirm":"c4a0bce0-da56-4673-88aa-3547609f87ae","ts":"2025-09-22T13:30:50.277+00:00","source":{"id":"0","name":"eventBus"}}
{"__type":"$$EventMessageNode","id":"1edfe1d2-21d6-4eb9-bb9c-236c1a75999c","ts":"2025-09-22T13:30:50.686+00:00","eventName":"n8n.node.finished","message":"n8n.node.finished","payload":{"workflowId":"4onN4QCMSitXFhHP","workflowName":"My workflow","executionId":"15","nodeType":"CUSTOM.random","nodeName":"Random Number","nodeId":"15e3bd28-8976-4e64-9ab4-04b0a708ab55"}}
{"__type":"$$EventMessageConfirm","confirm":"1edfe1d2-21d6-4eb9-bb9c-236c1a75999c","ts":"2025-09-22T13:30:50.686+00:00","source":{"id":"0","name":"eventBus"}}
{"__type":"$$EventMessageWorkflow","id":"ef6576b5-6022-4322-8ff8-65b9f41790df","ts":"2025-09-22T13:30:50.687+00:00","eventName":"n8n.workflow.success","message":"n8n.workflow.success","payload":{"userId":"89d5cbf2-d4f4-4d33-806c-2d5e8caafc06","executionId":"15","success":true,"isManual":true,"workflowId":"4onN4QCMSitXFhHP","workflowName":"My workflow"}}
{"__type":"$$EventMessageConfirm","confirm":"ef6576b5-6022-4322-8ff8-65b9f41790df","ts":"2025-09-22T13:30:50.687+00:00","source":{"id":"0","name":"eventBus"}}
